Flow report for floatingPoint
Sat Aug 31 20:17:25 2019
Quartus II 64-Bit Version 10.1 Build 153 11/29/2010 SJ Web Edition


---------------------
; Table of Contents ;
---------------------
  1. Legal Notice
  2. Flow Summary
  3. Flow Settings
  4. Flow Non-Default Global Settings
  5. Flow Elapsed Time
  6. Flow OS Summary
  7. Flow Log



----------------
; Legal Notice ;
----------------
Copyright (C) 1991-2010 Altera Corporation
Your use of Altera Corporation's design tools, logic functions 
and other software and tools, and its AMPP partner logic 
functions, and any output files from any of the foregoing 
(including device programming or simulation files), and any 
associated documentation or information are expressly subject 
to the terms and conditions of the Altera Program License 
Subscription Agreement, Altera MegaCore Function License 
Agreement, or other applicable license agreement, including, 
without limitation, that your use is for the sole purpose of 
programming logic devices manufactured by Altera and sold by 
Altera or its authorized distributors.  Please refer to the 
applicable agreement for further details.



+-------------------------------------------------------------------------------+
; Flow Summary                                                                  ;
+------------------------------------+------------------------------------------+
; Flow Status                        ; Successful - Sat Aug 31 20:17:20 2019    ;
; Quartus II 64-Bit Version          ; 10.1 Build 153 11/29/2010 SJ Web Edition ;
; Revision Name                      ; floatingPoint                            ;
; Top-level Entity Name              ; schematic                                ;
; Family                             ; Cyclone IV E                             ;
; Device                             ; EP4CE22F17C6                             ;
; Timing Models                      ; Final                                    ;
; Total logic elements               ; 2,324 / 22,320 ( 10 % )                  ;
;     Total combinational functions  ; 2,228 / 22,320 ( 10 % )                  ;
;     Dedicated logic registers      ; 593 / 22,320 ( 3 % )                     ;
; Total registers                    ; 593                                      ;
; Total pins                         ; 29 / 154 ( 19 % )                        ;
; Total virtual pins                 ; 0                                        ;
; Total memory bits                  ; 0 / 608,256 ( 0 % )                      ;
; Embedded Multiplier 9-bit elements ; 0 / 132 ( 0 % )                          ;
; Total PLLs                         ; 1 / 4 ( 25 % )                           ;
+------------------------------------+------------------------------------------+


+-----------------------------------------+
; Flow Settings                           ;
+-------------------+---------------------+
; Option            ; Setting             ;
+-------------------+---------------------+
; Start date & time ; 08/31/2019 20:15:32 ;
; Main task         ; Compilation         ;
; Revision Name     ; floatingPoint       ;
+-------------------+---------------------+


+------------------------------------------------------------------------------------------------------------------------------------------+
; Flow Non-Default Global Settings                                                                                                         ;
+-------------------------------------+---------------------------------------------------------+---------------+-------------+------------+
; Assignment Name                     ; Value                                                   ; Default Value ; Entity Name ; Section Id ;
+-------------------------------------+---------------------------------------------------------+---------------+-------------+------------+
; COMPILER_SIGNATURE_ID               ; 158749215667674.156730773118784                         ; --            ; --          ; --         ;
; IP_TOOL_NAME                        ; ALTPLL                                                  ; --            ; --          ; --         ;
; IP_TOOL_VERSION                     ; 10.1                                                    ; --            ; --          ; --         ;
; MAX_CORE_JUNCTION_TEMP              ; 85                                                      ; --            ; --          ; --         ;
; MIN_CORE_JUNCTION_TEMP              ; 0                                                       ; --            ; --          ; --         ;
; MISC_FILE                           ; C:/Users/Chris/Desktop/floating_point/floatingPoint.dpf ; --            ; --          ; --         ;
; MISC_FILE                           ; pll.bsf                                                 ; --            ; --          ; --         ;
; MISC_FILE                           ; pll.cmp                                                 ; --            ; --          ; --         ;
; MISC_FILE                           ; pll.ppf                                                 ; --            ; --          ; --         ;
; PARTITION_COLOR                     ; 16764057                                                ; --            ; schematic   ; Top        ;
; PARTITION_FITTER_PRESERVATION_LEVEL ; PLACEMENT_AND_ROUTING                                   ; --            ; schematic   ; Top        ;
; PARTITION_NETLIST_TYPE              ; SOURCE                                                  ; --            ; schematic   ; Top        ;
; POWER_BOARD_THERMAL_MODEL           ; None (CONSERVATIVE)                                     ; --            ; --          ; --         ;
; POWER_PRESET_COOLING_SOLUTION       ; 23 MM HEAT SINK WITH 200 LFPM AIRFLOW                   ; --            ; --          ; --         ;
; TOP_LEVEL_ENTITY                    ; schematic                                               ; floatingPoint ; --          ; --         ;
; VHDL_INPUT_VERSION                  ; VHDL_2008                                               ; VHDL_1993     ; --          ; --         ;
; VHDL_SHOW_LMF_MAPPING_MESSAGES      ; Off                                                     ; --            ; --          ; --         ;
+-------------------------------------+---------------------------------------------------------+---------------+-------------+------------+


+-------------------------------------------------------------------------------------------------------------------------------+
; Flow Elapsed Time                                                                                                             ;
+---------------------------+--------------+-------------------------+---------------------+------------------------------------+
; Module Name               ; Elapsed Time ; Average Processors Used ; Peak Virtual Memory ; Total CPU Time (on all processors) ;
+---------------------------+--------------+-------------------------+---------------------+------------------------------------+
; Analysis & Synthesis      ; 00:01:17     ; 1.0                     ; 4559 MB             ; 00:01:13                           ;
; Fitter                    ; 00:00:22     ; 1.0                     ; 4675 MB             ; 00:00:19                           ;
; Assembler                 ; 00:00:03     ; 1.0                     ; 4509 MB             ; 00:00:03                           ;
; TimeQuest Timing Analyzer ; 00:00:08     ; 1.0                     ; 4571 MB             ; 00:00:07                           ;
; Total                     ; 00:01:50     ; --                      ; --                  ; 00:01:42                           ;
+---------------------------+--------------+-------------------------+---------------------+------------------------------------+


+----------------------------------------------------------------------------------------+
; Flow OS Summary                                                                        ;
+---------------------------+------------------+-----------+------------+----------------+
; Module Name               ; Machine Hostname ; OS Name   ; OS Version ; Processor type ;
+---------------------------+------------------+-----------+------------+----------------+
; Analysis & Synthesis      ; LAPTOP-0EEL8RDA  ; Windows 7 ; 6.2        ; x86_64         ;
; Fitter                    ; LAPTOP-0EEL8RDA  ; Windows 7 ; 6.2        ; x86_64         ;
; Assembler                 ; LAPTOP-0EEL8RDA  ; Windows 7 ; 6.2        ; x86_64         ;
; TimeQuest Timing Analyzer ; LAPTOP-0EEL8RDA  ; Windows 7 ; 6.2        ; x86_64         ;
+---------------------------+------------------+-----------+------------+----------------+


------------
; Flow Log ;
------------
quartus_map --read_settings_files=on --write_settings_files=off floatingPoint -c floatingPoint
quartus_fit --read_settings_files=off --write_settings_files=off floatingPoint -c floatingPoint
quartus_asm --read_settings_files=off --write_settings_files=off floatingPoint -c floatingPoint
quartus_sta floatingPoint -c floatingPoint



